[1119/234614.851:ERROR:file_io_win.cc(162)] CreateFile C:\Users\FADHIL~1\AppData\Local\Temp\puppeteer_dev_chrome_profile-tMKBR2\Crashpad\settings.dat: The system cannot find the path specified. (0x3)
[1119/234614.856:ERROR:file_io_win.cc(171)] CreateFile C:\Users\FADHIL~1\AppData\Local\Temp\puppeteer_dev_chrome_profile-tMKBR2\Crashpad\reports\61fcc7dd-a590-47cd-86cd-f083e7d277fe.dmp: The system cannot find the path specified. (0x3)
[1119/234614.856:ERROR:crash_report_exception_handler.cc(99)] PrepareNewCrashReport failed
[1120/000113.057:ERROR:file_io_win.cc(162)] CreateFile C:\Users\FADHIL~1\AppData\Local\Temp\puppeteer_dev_chrome_profile-mEQNQ2\Crashpad\settings.dat: The system cannot find the path specified. (0x3)
[1120/000113.057:ERROR:file_io_win.cc(171)] CreateFile C:\Users\FADHIL~1\AppData\Local\Temp\puppeteer_dev_chrome_profile-mEQNQ2\Crashpad\reports\12c05d59-2c67-45c7-910c-b2040e08c5a3.dmp: The system cannot find the path specified. (0x3)
[1120/000113.057:ERROR:crash_report_exception_handler.cc(99)] PrepareNewCrashReport failed
[1120/001032.648:ERROR:process_reader_win.cc(151)] SuspendThread: Access is denied. (0x5)
[1120/001032.656:ERROR:file_io_win.cc(162)] CreateFile C:\Users\FADHIL~1\AppData\Local\Temp\puppeteer_dev_chrome_profile-g6qOPW\Crashpad\settings.dat: The system cannot find the path specified. (0x3)
[1120/001032.656:ERROR:file_io_win.cc(171)] CreateFile C:\Users\FADHIL~1\AppData\Local\Temp\puppeteer_dev_chrome_profile-g6qOPW\Crashpad\reports\fa0a01e0-7247-43e9-b254-b539088d12fd.dmp: The system cannot find the path specified. (0x3)
[1120/001032.656:ERROR:crash_report_exception_handler.cc(99)] PrepareNewCrashReport failed
[1120/002053.783:ERROR:directory_reader_win.cc(43)] FindFirstFile: The system cannot find the path specified. (0x3)
[1120/003322.867:ERROR:file_io_win.cc(162)] CreateFile C:\Users\FADHIL~1\AppData\Local\Temp\puppeteer_dev_chrome_profile-lOyZrZ\Crashpad\settings.dat: The system cannot find the path specified. (0x3)
[1120/003322.867:ERROR:file_io_win.cc(171)] CreateFile C:\Users\FADHIL~1\AppData\Local\Temp\puppeteer_dev_chrome_profile-lOyZrZ\Crashpad\reports\e5cb538a-c267-4add-b338-70e4f0368545.dmp: The system cannot find the path specified. (0x3)
[1120/003322.867:ERROR:crash_report_exception_handler.cc(99)] PrepareNewCrashReport failed
[1120/094626.904:ERROR:directory_reader_win.cc(43)] FindFirstFile: The system cannot find the path specified. (0x3)
[1120/095226.427:ERROR:file_io_win.cc(162)] CreateFile C:\Users\FADHIL~1\AppData\Local\Temp\puppeteer_dev_chrome_profile-xFMR20\Crashpad\settings.dat: The system cannot find the path specified. (0x3)
[1120/095226.427:ERROR:file_io_win.cc(171)] CreateFile C:\Users\FADHIL~1\AppData\Local\Temp\puppeteer_dev_chrome_profile-xFMR20\Crashpad\reports\1f768bad-958b-4f6d-9344-a7e1f52b9c16.dmp: The system cannot find the path specified. (0x3)
[1120/095226.427:ERROR:crash_report_exception_handler.cc(99)] PrepareNewCrashReport failed
[1120/100302.245:ERROR:directory_reader_win.cc(43)] FindFirstFile: The system cannot find the path specified. (0x3)
[1120/101140.991:ERROR:process_reader_win.cc(151)] SuspendThread: Access is denied. (0x5)
[1120/101140.991:ERROR:file_io_win.cc(162)] CreateFile C:\Users\FADHIL~1\AppData\Local\Temp\puppeteer_dev_chrome_profile-6IJhIa\Crashpad\settings.dat: The system cannot find the path specified. (0x3)
[1120/101140.991:ERROR:file_io_win.cc(171)] CreateFile C:\Users\FADHIL~1\AppData\Local\Temp\puppeteer_dev_chrome_profile-6IJhIa\Crashpad\reports\5c1a3aea-a7a2-4c63-b305-b37ee0fd1737.dmp: The system cannot find the path specified. (0x3)
[1120/101140.991:ERROR:crash_report_exception_handler.cc(99)] PrepareNewCrashReport failed
[1120/102157.592:ERROR:directory_reader_win.cc(43)] FindFirstFile: The system cannot find the path specified. (0x3)
[1120/103604.931:ERROR:process_reader_win.cc(151)] SuspendThread: Access is denied. (0x5)
[1120/103604.939:ERROR:file_io_win.cc(162)] CreateFile C:\Users\FADHIL~1\AppData\Local\Temp\puppeteer_dev_chrome_profile-Z3oNfX\Crashpad\settings.dat: The system cannot find the path specified. (0x3)
[1120/103604.939:ERROR:file_io_win.cc(171)] CreateFile C:\Users\FADHIL~1\AppData\Local\Temp\puppeteer_dev_chrome_profile-Z3oNfX\Crashpad\reports\e59e323c-a5ee-4e9d-ae47-13022622bd11.dmp: The system cannot find the path specified. (0x3)
[1120/103604.939:ERROR:crash_report_exception_handler.cc(99)] PrepareNewCrashReport failed
[1120/104617.368:ERROR:directory_reader_win.cc(43)] FindFirstFile: The system cannot find the path specified. (0x3)
[1120/113804.132:ERROR:process_reader_win.cc(151)] SuspendThread: Access is denied. (0x5)
[1120/113804.140:ERROR:file_io_win.cc(162)] CreateFile C:\Users\FADHIL~1\AppData\Local\Temp\puppeteer_dev_chrome_profile-vDd54P\Crashpad\settings.dat: The system cannot find the path specified. (0x3)
[1120/113804.140:ERROR:file_io_win.cc(171)] CreateFile C:\Users\FADHIL~1\AppData\Local\Temp\puppeteer_dev_chrome_profile-vDd54P\Crashpad\reports\1f098c13-4045-427e-aee7-f4e7bc324730.dmp: The system cannot find the path specified. (0x3)
[1120/113804.140:ERROR:crash_report_exception_handler.cc(99)] PrepareNewCrashReport failed
[1120/114820.861:ERROR:directory_reader_win.cc(43)] FindFirstFile: The system cannot find the path specified. (0x3)
[1120/115719.730:ERROR:process_reader_win.cc(151)] SuspendThread: Access is denied. (0x5)
[1120/115719.738:ERROR:file_io_win.cc(162)] CreateFile C:\Users\FADHIL~1\AppData\Local\Temp\puppeteer_dev_chrome_profile-pTwqaT\Crashpad\settings.dat: The system cannot find the path specified. (0x3)
[1120/115719.738:ERROR:file_io_win.cc(171)] CreateFile C:\Users\FADHIL~1\AppData\Local\Temp\puppeteer_dev_chrome_profile-pTwqaT\Crashpad\reports\b582cda1-b63f-4414-8926-f82ae0cfee61.dmp: The system cannot find the path specified. (0x3)
[1120/115719.738:ERROR:crash_report_exception_handler.cc(99)] PrepareNewCrashReport failed
[1120/120255.163:ERROR:process_reader_win.cc(151)] SuspendThread: Access is denied. (0x5)
[1120/120255.179:ERROR:file_io_win.cc(162)] CreateFile C:\Users\FADHIL~1\AppData\Local\Temp\puppeteer_dev_chrome_profile-f9kgTw\Crashpad\settings.dat: The system cannot find the path specified. (0x3)
[1120/120255.179:ERROR:file_io_win.cc(171)] CreateFile C:\Users\FADHIL~1\AppData\Local\Temp\puppeteer_dev_chrome_profile-f9kgTw\Crashpad\reports\5aaf78a0-471e-4d50-99c9-813ea83236b7.dmp: The system cannot find the path specified. (0x3)
[1120/120255.179:ERROR:crash_report_exception_handler.cc(99)] PrepareNewCrashReport failed
[1120/121030.548:ERROR:process_reader_win.cc(151)] SuspendThread: Access is denied. (0x5)
[1120/121030.556:ERROR:file_io_win.cc(162)] CreateFile C:\Users\FADHIL~1\AppData\Local\Temp\puppeteer_dev_chrome_profile-w1cHnf\Crashpad\settings.dat: The system cannot find the path specified. (0x3)
[1120/121030.556:ERROR:file_io_win.cc(171)] CreateFile C:\Users\FADHIL~1\AppData\Local\Temp\puppeteer_dev_chrome_profile-w1cHnf\Crashpad\reports\464b2d6d-0c46-482d-96b8-23732070737d.dmp: The system cannot find the path specified. (0x3)
[1120/121030.556:ERROR:crash_report_exception_handler.cc(99)] PrepareNewCrashReport failed
[1120/122051.101:ERROR:directory_reader_win.cc(43)] FindFirstFile: The system cannot find the path specified. (0x3)
[1120/122434.317:ERROR:process_reader_win.cc(151)] SuspendThread: Access is denied. (0x5)
[1120/122434.317:ERROR:file_io_win.cc(162)] CreateFile C:\Users\FADHIL~1\AppData\Local\Temp\puppeteer_dev_chrome_profile-7bRT7g\Crashpad\settings.dat: The system cannot find the path specified. (0x3)
[1120/122434.317:ERROR:file_io_win.cc(171)] CreateFile C:\Users\FADHIL~1\AppData\Local\Temp\puppeteer_dev_chrome_profile-7bRT7g\Crashpad\reports\e652773c-f5a8-46be-870d-2f8b4372dfbb.dmp: The system cannot find the path specified. (0x3)
[1120/122434.317:ERROR:crash_report_exception_handler.cc(99)] PrepareNewCrashReport failed
[1120/122824.434:ERROR:process_reader_win.cc(151)] SuspendThread: Access is denied. (0x5)
[1120/122824.442:ERROR:file_io_win.cc(162)] CreateFile C:\Users\FADHIL~1\AppData\Local\Temp\puppeteer_dev_chrome_profile-KAZfio\Crashpad\settings.dat: The system cannot find the path specified. (0x3)
[1120/122824.442:ERROR:file_io_win.cc(171)] CreateFile C:\Users\FADHIL~1\AppData\Local\Temp\puppeteer_dev_chrome_profile-KAZfio\Crashpad\reports\8453efbe-62d9-486e-b7c9-ee6d545443d9.dmp: The system cannot find the path specified. (0x3)
[1120/122824.442:ERROR:crash_report_exception_handler.cc(99)] PrepareNewCrashReport failed
[1120/123539.136:ERROR:process_reader_win.cc(151)] SuspendThread: Access is denied. (0x5)
[1120/123539.144:ERROR:file_io_win.cc(162)] CreateFile C:\Users\FADHIL~1\AppData\Local\Temp\puppeteer_dev_chrome_profile-GuEzjb\Crashpad\settings.dat: The system cannot find the path specified. (0x3)
[1120/123539.144:ERROR:file_io_win.cc(171)] CreateFile C:\Users\FADHIL~1\AppData\Local\Temp\puppeteer_dev_chrome_profile-GuEzjb\Crashpad\reports\2a98c59a-155d-4cfb-b23d-b2fce672fa99.dmp: The system cannot find the path specified. (0x3)
[1120/123539.144:ERROR:crash_report_exception_handler.cc(99)] PrepareNewCrashReport failed
[1120/123637.519:ERROR:process_reader_win.cc(151)] SuspendThread: Access is denied. (0x5)
[1120/123637.519:ERROR:file_io_win.cc(162)] CreateFile C:\Users\FADHIL~1\AppData\Local\Temp\puppeteer_dev_chrome_profile-FnswDy\Crashpad\settings.dat: The system cannot find the path specified. (0x3)
[1120/123637.519:ERROR:file_io_win.cc(171)] CreateFile C:\Users\FADHIL~1\AppData\Local\Temp\puppeteer_dev_chrome_profile-FnswDy\Crashpad\reports\8c793c7f-cdd0-41de-bcf4-e516bf619503.dmp: The system cannot find the path specified. (0x3)
[1120/123637.519:ERROR:crash_report_exception_handler.cc(99)] PrepareNewCrashReport failed
[1120/124059.109:ERROR:file_io_win.cc(162)] CreateFile C:\Users\FADHIL~1\AppData\Local\Temp\puppeteer_dev_chrome_profile-gKikOF\Crashpad\settings.dat: The system cannot find the path specified. (0x3)
[1120/124059.109:ERROR:file_io_win.cc(171)] CreateFile C:\Users\FADHIL~1\AppData\Local\Temp\puppeteer_dev_chrome_profile-gKikOF\Crashpad\reports\d3284390-0fd0-4a52-885a-5b8a0497f3ab.dmp: The system cannot find the path specified. (0x3)
[1120/124059.109:ERROR:crash_report_exception_handler.cc(99)] PrepareNewCrashReport failed
[1120/125253.890:ERROR:directory_reader_win.cc(43)] FindFirstFile: The system cannot find the path specified. (0x3)
[1120/125955.745:ERROR:process_reader_win.cc(151)] SuspendThread: Access is denied. (0x5)
[1120/125955.745:ERROR:process_reader_win.cc(151)] SuspendThread: Access is denied. (0x5)
[1120/125955.753:ERROR:process_reader_win.cc(151)] SuspendThread: Access is denied. (0x5)
[1120/125955.753:ERROR:process_reader_win.cc(151)] SuspendThread: Access is denied. (0x5)
[1120/125955.753:ERROR:file_io_win.cc(162)] CreateFile C:\Users\FADHIL~1\AppData\Local\Temp\puppeteer_dev_chrome_profile-csnNpb\Crashpad\settings.dat: The system cannot find the path specified. (0x3)
[1120/125955.753:ERROR:file_io_win.cc(171)] CreateFile C:\Users\FADHIL~1\AppData\Local\Temp\puppeteer_dev_chrome_profile-csnNpb\Crashpad\reports\991c2dc8-fc65-4a05-9886-56de70f9b27f.dmp: The system cannot find the path specified. (0x3)
[1120/125955.753:ERROR:crash_report_exception_handler.cc(99)] PrepareNewCrashReport failed
[1120/185806.652:ERROR:directory_reader_win.cc(43)] FindFirstFile: The system cannot find the path specified. (0x3)
[1120/194413.412:ERROR:process_reader_win.cc(151)] SuspendThread: Access is denied. (0x5)
[1120/194413.420:ERROR:file_io_win.cc(162)] CreateFile C:\Users\FADHIL~1\AppData\Local\Temp\puppeteer_dev_chrome_profile-oSspyT\Crashpad\settings.dat: The system cannot find the path specified. (0x3)
[1120/194413.420:ERROR:file_io_win.cc(171)] CreateFile C:\Users\FADHIL~1\AppData\Local\Temp\puppeteer_dev_chrome_profile-oSspyT\Crashpad\reports\35f2beea-2c3e-4e94-aa95-2d6ae6ca43d5.dmp: The system cannot find the path specified. (0x3)
[1120/194413.420:ERROR:crash_report_exception_handler.cc(99)] PrepareNewCrashReport failed
[1120/200651.048:ERROR:process_reader_win.cc(151)] SuspendThread: Access is denied. (0x5)
[1120/200651.053:ERROR:file_io_win.cc(162)] CreateFile C:\Users\FADHIL~1\AppData\Local\Temp\puppeteer_dev_chrome_profile-Le5McM\Crashpad\settings.dat: The system cannot find the path specified. (0x3)
[1120/200651.058:ERROR:file_io_win.cc(171)] CreateFile C:\Users\FADHIL~1\AppData\Local\Temp\puppeteer_dev_chrome_profile-Le5McM\Crashpad\reports\755ab2a8-ccac-4fbe-b0b5-e3797f15d962.dmp: The system cannot find the path specified. (0x3)
[1120/200651.058:ERROR:crash_report_exception_handler.cc(99)] PrepareNewCrashReport failed
[1120/201706.756:ERROR:directory_reader_win.cc(43)] FindFirstFile: The system cannot find the path specified. (0x3)
[1120/202020.982:ERROR:file_io_win.cc(162)] CreateFile C:\Users\FADHIL~1\AppData\Local\Temp\puppeteer_dev_chrome_profile-hx0eKP\Crashpad\settings.dat: The system cannot find the path specified. (0x3)
[1120/202020.982:ERROR:file_io_win.cc(171)] CreateFile C:\Users\FADHIL~1\AppData\Local\Temp\puppeteer_dev_chrome_profile-hx0eKP\Crashpad\reports\7efcbc98-5f5a-47b1-871b-fefd6519ad08.dmp: The system cannot find the path specified. (0x3)
[1120/202020.982:ERROR:crash_report_exception_handler.cc(99)] PrepareNewCrashReport failed
